0 info it worked if it ends with ok
1 verbose cli [ 'node', '/usr/local/bin/npm', 'install', 'fs' ]
2 info using npm@1.3.11
3 info using node@v0.10.20
4 verbose cache add [ 'fs', null ]
5 verbose cache add name=undefined spec="fs" args=["fs",null]
6 verbose parsed url { protocol: null,
6 verbose parsed url   slashes: null,
6 verbose parsed url   auth: null,
6 verbose parsed url   host: null,
6 verbose parsed url   port: null,
6 verbose parsed url   hostname: null,
6 verbose parsed url   hash: null,
6 verbose parsed url   search: null,
6 verbose parsed url   query: null,
6 verbose parsed url   pathname: 'fs',
6 verbose parsed url   path: 'fs',
6 verbose parsed url   href: 'fs' }
7 silly lockFile 3f4bb586-fs fs
8 verbose lock fs /Users/atok/.npm/3f4bb586-fs.lock
9 silly lockFile 3f4bb586-fs fs
10 silly lockFile 3f4bb586-fs fs
11 verbose addNamed [ 'fs', '' ]
12 verbose addNamed [ null, '*' ]
13 silly lockFile a107b96b-fs fs@
14 verbose lock fs@ /Users/atok/.npm/a107b96b-fs.lock
15 silly addNameRange { name: 'fs', range: '*', hasData: false }
16 verbose url raw fs
17 verbose url resolving [ 'https://registry.npmjs.org/', './fs' ]
18 verbose url resolved https://registry.npmjs.org/fs
19 info trying registry request attempt 1 at 21:41:45
20 http GET https://registry.npmjs.org/fs
21 http 404 https://registry.npmjs.org/fs
22 silly registry.get cb [ 404,
22 silly registry.get   { server: 'CouchDB/1.3.1 (Erlang OTP/R15B03)',
22 silly registry.get     date: 'Fri, 18 Oct 2013 19:41:45 GMT',
22 silly registry.get     'content-type': 'application/json',
22 silly registry.get     'content-length': '52',
22 silly registry.get     'cache-control': 'must-revalidate' } ]
23 silly lockFile a107b96b-fs fs@
24 silly lockFile a107b96b-fs fs@
25 error 404 'fs' is not in the npm registry.
25 error 404 You should bug the author to publish it
25 error 404
25 error 404 Note that you can also install from a
25 error 404 tarball, folder, or http url, or git url.
26 error System Darwin 12.5.0
27 error command "node" "/usr/local/bin/npm" "install" "fs"
28 error cwd /Users/atok/Documents/BLUB/app
29 error node -v v0.10.20
30 error npm -v 1.3.11
31 error code E404
32 verbose exit [ 1, true ]
